###############################################################################
#
# IAR C/C++ Compiler V6.40.1.950/W32 for MSP430           15/Feb/2016  16:47:33
# Copyright 1996-2015 IAR Systems AB.
# Standalone license - IAR Embedded Workbench for Texas Instruments MSP430, 8K KickStart Edition 6.40
#
#    __rt_version  =  3
#    __double_size =  32
#    __reg_r4      =  free
#    __reg_r5      =  free
#    __pic         =  no
#    __core        =  430X
#    __data_model  =  small
#    __code_model  =  large
#    Source file   =  C:\Users\Evan Noble\Desktop\Homework3\system.c
#    Command line  =  
#        "C:\Users\Evan Noble\Desktop\Homework3\system.c" -lC "C:\Users\Evan
#        Noble\Desktop\Homework3\Debug\List" -o "C:\Users\Evan
#        Noble\Desktop\Homework3\Debug\Obj" --no_cse --no_unroll --no_inline
#        --no_code_motion --no_tbaa --debug -D__MSP430FR5739__ -e --double=32
#        --dlib_config "C:\Program Files (x86)\IAR Systems\Embedded Workbench
#        7.3\430\lib\dlib\dl430xlsfn.h" --core=430X --data_model=small -On
#        --multiplier=32 --hw_workaround=CPU40 --code_model=large
#    List file     =  
#        C:\Users\Evan Noble\Desktop\Homework3\Debug\List\system.lst
#    Object file   =  
#        C:\Users\Evan Noble\Desktop\Homework3\Debug\Obj\system.r43
#
###############################################################################

C:\Users\Evan Noble\Desktop\Homework3\system.c
      1          //------------------------------------------------------------------------------
      2          //
      3          //  Description: This file contains the System Configurations 
      4          //
      5          //  Jim Carlson
      6          //  Jan 2016
      7          //  Built with IAR Embedded Workbench Version: V7.3.1.3987 (6.40.1)
      8          //------------------------------------------------------------------------------
      9          
     10          //------------------------------------------------------------------------------
     11          #include  "msp430.h"
     12          
     13          
     14          void enable_interrupts(void);
     15          
     16          //------------------------------------------------------------------------------
     17          // System Configurations
     18          
     19          // Tells the compiler to provide the value in reg as an input to an 
     20          // inline assembly block.  Even though the block contains no instructions,
     21          // the compiler may not optimize it away, and is told that the value
     22          // may change and should not be relied upon.
     23          
     24          //inline void READ_AND_DISCARD(unsigned int reg) __attribute__((always_inline));
     25          //void READ_AND_DISCARD(unsigned int reg){
     26          //  asm volatile ("" : "=m" (reg) : "r" (reg));
     27          //}
     28          
     29          //inline void enable_interrupts(void) __attribute__((always_inline));

   \                                 In  segment CODE, align 2
     30          void enable_interrupts(void){
   \                     enable_interrupts:
     31            __bis_SR_register(GIE);     // enable interrupts
   \   000000   0343         NOP
   \   000002   32D2         BIS.W   #0x8, SR
     32          //  asm volatile ("eint \n");
     33          }
   \   000004   1001         RETA
     34          
     35          //inline void disable_interrupts(void) __attribute__((always_inline));
     36          //void disable_interrupts(void){
     37          //  asm volatile ("dint \n");
     38          //}
     39          

   Maximum stack usage in bytes:

   CSTACK Function
   ------ --------
      4   enable_interrupts


   Segment part sizes:

   Bytes  Function/Label
   -----  --------------
       6  enable_interrupts

 
 6 bytes in segment CODE
 
 6 bytes of CODE memory

Errors: none
Warnings: none
